     1                                  bits 32 ; assembling for the 32 bits architecture
     2                                  
     3                                  ; declare the EntryPoint (a label defining the very first instruction of the program)
     4                                  global start        
     5                                  
     6                                  ; declare external functions needed by our program
     7                                  extern exit               ; tell nasm that exit exists even if we won't be defining it
     8                                  import exit msvcrt.dll    ; exit is a function that ends the calling process. It is defined in msvcrt.dll
     9                                                            ; msvcrt.dll contains exit, printf and all the other important C-runtime specific functions
    10                                  
    11                                  ; our data is declared here (the variables needed by our program)
    12                                  segment data use32 class=data
    13 00000000 0A                          a DB 10
    14 00000001 05                          b DB 5
    15 00000002 09                          c DB 9
    16 00000003 07                          d DB 7
    17                                      ; ...
    18                                  
    19                                  ; our code starts here
    20                                  segment code use32 class=code
    21                                      start:
    22 00000000 A0[02000000]                    MOV AL, [c]
    23 00000005 8A1D[00000000]                  MOV BL, [a]
    24 0000000B 021D[03000000]                  ADD BL, [d]
    25 00000011 28D8                            SUB AL, BL
    26 00000013 8A1D[01000000]                  MOV BL, [b]
    27 00000019 021D[03000000]                  ADD BL, [d]
    28 0000001F 00D8                            ADD AL, BL
    29                                          
    30                                          ; ...
    31                                      
    32                                          ; exit(0)
    33 00000021 6A00                            push    dword 0      ; push the parameter for exit onto the stack
    34 00000023 FF15[00000000]                  call    [exit]       ; call exit to terminate the program
