     1                                  bits 32
     2                                  global start
     3                                  
     4                                  extern exit
     5                                  extern printf
     6                                  extern scanf
     7                                  import exit msvcrt.dll
     8                                  import printf msvcrt.dll
     9                                  import scanf msvcrt.dll
    10                                  
    11                                  segment data use32 class=data
    12                                  
    13                                  
    14                                  extern printf, scanf, exit
    15                                  import printf, scanf, exit msvcrt.dll
    16                                  
    17                                  section .data
    18 00000000 257300                      fmt db "%s", 0
    19 00000003 00<rept>                    buffer times 256 db 0
    20                                  
    21                                  section .text
    22                                      global main
    23                                      main:
    24                                          ; call scanf to read a string from the console
    25 00000000 68[03000000]                    push buffer
    26 00000005 68[00000000]                    push fmt
    27 0000000A E8(00000000)                    call scanf
    28 0000000F 83C408                          add esp, 8
    29                                  
    30                                          ; call printf to print the string
    31 00000012 68[03000000]                    push buffer
    32 00000017 68[00000000]                    push fmt
    33 0000001C E8(00000000)                    call printf
    34 00000021 83C408                          add esp, 8
    35                                  
    36                                          ; call exit to terminate the program
    37 00000024 6A00                            push 0
    38 00000026 E8(00000000)                    call exit
