     1                                  bits 32 ; assembling for the 32 bits architecture
     2                                  
     3                                  ; declare the EntryPoint (a label defining the very first instruction of the program)
     4                                  global start        
     5                                  
     6                                  ; declare external functions needed by our program
     7                                  extern exit               ; tell nasm that exit exists even if we won't be defining it
     8                                  import exit msvcrt.dll    ; exit is a function that ends the calling process. It is defined in msvcrt.dll
     9                                                            ; msvcrt.dll contains exit, printf and all the other important C-runtime specific functions
    10                                  
    11                                  ; our data is declared here (the variables needed by our program)
    12                                  segment data use32 class=data
    13 00000000 0C00                        a DW 12
    14 00000002 0600                        b DW 6
    15 00000004 0700                        c DW 7
    16 00000006 0500                        d DW 5
    17                                      ; ...
    18                                  
    19                                  ; our code starts here
    20                                  ; 15 ------> (a + d - c) - (b + b)
    21                                  segment code use32 class=code
    22                                      start:
    23 00000000 66A1[00000000]                  MOV AX,[a]
    24 00000006 660305[06000000]                ADD AX,[d]
    25 0000000D 662B05[04000000]                SUB AX, [c]
    26 00000014 668B1D[02000000]                MOV BX, [b]
    27 0000001B 6601DB                          ADD BX, BX
    28 0000001E 6601D8                          ADD AX, BX
    29                                          
    30 00000021 6650                            PUSH AX
    31                                          ; exit(0)
    32 00000023 6A00                            push    dword 0      ; push the parameter for exit onto the stack
    33 00000025 FF15[00000000]                  call    [exit]       ; call exit to terminate the program
